<?xml version="1.0" encoding="UTF-8"?>
<testng-results ignored="0" total="1" passed="1" failed="0" skipped="0">
  <reporter-output>
  </reporter-output>
  <suite started-at="2020-03-27T11:21:53 IST" name="Default suite" finished-at="2020-03-27T11:23:02 IST" duration-ms="68466">
    <groups>
    </groups>
    <test started-at="2020-03-27T11:21:53 IST" name="Default test" finished-at="2020-03-27T11:23:02 IST" duration-ms="68466">
      <class name="Sample.Sample">
        <test-method signature="method()[pri:0, instance:Sample.Sample@7ea37dbf]" started-at="2020-03-27T11:21:53 IST" name="method" finished-at="2020-03-27T11:23:02 IST" duration-ms="68297" status="PASS">
          <reporter-output>
          </reporter-output>
        </test-method> <!-- method -->
      </class> <!-- Sample.Sample -->
    </test> <!-- Default test -->
  </suite> <!-- Default suite -->
</testng-results>
