<?xml version="1.0" encoding="UTF-8"?>
<!-- Generated by org.testng.reporters.JUnitXMLReporter -->
<testsuite ignored="3" hostname="Lenovo" failures="0" tests="1" name="a" time="0.654" errors="0" timestamp="2020-04-02T13:51:37 IST">
  <testcase classname="Sample.Sample" name="b" time="0.07"/>
  <testcase classname="Sample.Sample" name="c" time="0.0">
    <ignored/>
  </testcase> <!-- c -->
  <testcase classname="Sample.Sample" name="d" time="0.0">
    <ignored/>
  </testcase> <!-- d -->
  <testcase classname="Sample.Sample" name="a" time="0.0">
    <ignored/>
  </testcase> <!-- a -->
</testsuite> <!-- a -->
