<?xml version="1.0" encoding="UTF-8"?>
<!-- Generated by org.testng.reporters.JUnitXMLReporter -->
<testsuite ignored="2" hostname="Lenovo" failures="0" tests="1" name="b" time="0.041" errors="0" timestamp="2020-03-27T20:08:05 IST">
  <testcase classname="Sample1.Sample1" name="b" time="0.007"/>
  <testcase classname="Sample1.Sample1" name="a" time="0.0">
    <ignored/>
  </testcase> <!-- a -->
  <testcase classname="Sample1.Sample1" name="c" time="0.0">
    <ignored/>
  </testcase> <!-- c -->
</testsuite> <!-- b -->
