<?xml version="1.0" encoding="UTF-8"?>
<!-- Generated by org.testng.reporters.JUnitXMLReporter -->
<testsuite ignored="0" hostname="Lenovo" failures="0" tests="5" name="TestResultbbb" time="62.716" errors="0" timestamp="2020-03-27T18:09:18 IST">
  <testcase classname="Sample1.Sample1" name="c" time="0.029"/>
  <testcase classname="Sample1.Sample1" name="d" time="0.003"/>
  <testcase classname="Sample1.Sample1" name="e" time="0.003"/>
  <testcase classname="Sample1.Sample1" name="a" time="62.584"/>
  <testcase classname="Sample1.Sample1" name="b" time="62.609"/>
</testsuite> <!-- TestResultbbb -->
