<?xml version="1.0" encoding="UTF-8"?>
<testng-results ignored="0" total="1" passed="1" failed="0" skipped="0">
  <reporter-output>
  </reporter-output>
  <suite started-at="2020-05-16T08:58:05 IST" name="Test Suite" finished-at="2020-05-16T08:58:46 IST" duration-ms="41626">
    <groups>
    </groups>
    <test started-at="2020-05-16T08:58:05 IST" name="Tests" finished-at="2020-05-16T08:58:46 IST" duration-ms="41626">
      <class name="Sample.Sample">
        <test-method signature="google()[pri:0, instance:Sample.Sample@5a955565]" started-at="2020-05-16T08:58:05 IST" name="google" finished-at="2020-05-16T08:58:46 IST" duration-ms="41506" status="PASS">
          <reporter-output>
          </reporter-output>
        </test-method> <!-- google -->
      </class> <!-- Sample.Sample -->
    </test> <!-- Tests -->
  </suite> <!-- Test Suite -->
</testng-results>
